# Preference setting overrides
gui_create_pref_key -category {Globals} -key {load_detail_for_funcov} -value_type {bool} -value {false}

# State setting overrides
gui_state_default_create -off -ini
gui_set_state_value -category Globals -key recent_databases -value {{gui_open_db -file /home/warehouse/mshepherd/My Documents/MyDocuments/Schoolwork/ESE461/ese461-final-project-shepherd-pollak-greer/In_Calculator.vcd -design V1} {gui_open_db -file /home/warehouse/mshepherd/My Documents/MyDocuments/Schoolwork/ESE461/ese461-final-project-shepherd-pollak-greer/Out_Calculator.vcd -design V1} {gui_open_db -file /home/warehouse/mshepherd/My Documents/MyDocuments/Schoolwork/ESE461/ese461-final-project-shepherd-pollak-greer/Node_Calculator.vcd -design V1} {gui_open_db -file /home/warehouse/mshepherd/MyDocuments/Schoolwork/ESE461/fall-2017-lab4-mtshepherd/Pipeline.vcd -design V1} {gui_open_db -file /home/warehouse/mshepherd/My Documents/Schoolwork/ESE 461/fall-2017-lab4-mtshepherd/Pipeline.vcd -design V1}}
gui_set_state_value -category Layout -key child_console_size_x -value 994
gui_set_state_value -category Layout -key child_console_size_y -value 105
gui_set_state_value -category Layout -key child_data_size_x -value 105
gui_set_state_value -category Layout -key child_data_size_y -value 366
gui_set_state_value -category Layout -key child_hier_col3 -value {-1}
gui_set_state_value -category Layout -key child_hier_colpd -value 0
gui_set_state_value -category Layout -key child_hier_size_x -value 105
gui_set_state_value -category Layout -key child_hier_size_y -value 366
gui_set_state_value -category Layout -key child_list_down -value 201
gui_set_state_value -category Layout -key child_list_right -value 442
gui_set_state_value -category Layout -key child_schematic_docknewline -value false
gui_set_state_value -category Layout -key child_schematic_pos_x -value {-2}
gui_set_state_value -category Layout -key child_schematic_pos_y -value {-15}
gui_set_state_value -category Layout -key child_schematic_size_x -value 766
gui_set_state_value -category Layout -key child_schematic_size_y -value 368
gui_set_state_value -category Layout -key child_source_docknewline -value false
gui_set_state_value -category Layout -key child_source_pos_x -value {-2}
gui_set_state_value -category Layout -key child_source_pos_y -value {-15}
gui_set_state_value -category Layout -key child_source_size_x -value 787
gui_set_state_value -category Layout -key child_source_size_y -value 361
gui_set_state_value -category Layout -key child_wave_colname -value 174
gui_set_state_value -category Layout -key child_wave_colvalue -value 174
gui_set_state_value -category Layout -key child_wave_left -value 352
gui_set_state_value -category Layout -key child_wave_right -value 858
gui_set_state_value -category Layout -key main_pos_x -value 194
gui_set_state_value -category Layout -key main_pos_y -value 146
gui_set_state_value -category Layout -key main_size_x -value 1188
gui_set_state_value -category Layout -key main_size_y -value 716
gui_set_state_value -category Layout -key stand_list_child_docknewline -value false
gui_set_state_value -category Layout -key stand_list_child_pos_x -value {-2}
gui_set_state_value -category Layout -key stand_list_child_pos_y -value {-15}
gui_set_state_value -category Layout -key stand_list_child_size_x -value 602
gui_set_state_value -category Layout -key stand_list_child_size_y -value 346
gui_set_state_value -category Layout -key stand_list_top_pos_x -value 503
gui_set_state_value -category Layout -key stand_list_top_pos_y -value 133
gui_set_state_value -category Layout -key stand_list_top_size_y -value 630
gui_set_state_value -category Layout -key stand_wave_child_docknewline -value false
gui_set_state_value -category Layout -key stand_wave_child_pos_x -value {-2}
gui_set_state_value -category Layout -key stand_wave_child_pos_y -value {-15}
gui_set_state_value -category Layout -key stand_wave_child_size_x -value 1220
gui_set_state_value -category Layout -key stand_wave_child_size_y -value 502
gui_set_state_value -category Layout -key stand_wave_top_pos_x -value 126
gui_set_state_value -category Layout -key stand_wave_top_pos_y -value 110
gui_set_state_value -category Layout -key stand_wave_top_size_x -value 1341
gui_set_state_value -category Layout -key stand_wave_top_size_y -value 716
gui_create_state_key -category FindDialog -key m_pMatchCase -value_type bool -value false
gui_create_state_key -category FindDialog -key m_pMatchWord -value_type bool -value false
gui_create_state_key -category FindDialog -key m_pUseCombo -value_type string -value {}
gui_create_state_key -category FindDialog -key m_pWrapAround -value_type bool -value true
gui_state_default_create -off

# Begin command logging
gui_open_db -file {/home/warehouse/mshepherd/My Documents/MyDocuments/Schoolwork/ESE461/ese461-final-project-shepherd-pollak-greer/In_Calculator.vcd} -design V1
gui_list_expand -id  Hier.1   In_Calculator_tb
gui_list_select -id Hier.1 -current_item_name In_Calculator_tb.DUT -current_item_type Scope  -selected  { In_Calculator_tb.DUT   }
gui_open_window Wave
gui_list_add -id Wave.1 -from Hier.1 { In_Calculator_tb.DUT } -insertionbar
gui_zoom -window Wave.1 -full
gui_wv_scroll_vslidermove -id  Wave.1 78
gui_close_window -window TopLevel.2
